; VARIAVEIS PACK
2000 0000 ; "a>"		;	        a       >
2002 0000 ; "b>"		;	        b       >

; VARIAVEIS UNPACK
2004 0000 ; "in>"		;	        in      >
2006 0000 ; "unpack1>"		;	        unpack1 >
2008 0000 ; "unpack2>"		;	        unpack2 >

; VARIAVEIS STRCMP
200a 0000 ; "str1>"		;	        str1    >
201a 0000 ; "str2>"		;	        str2    >
202a 0000 ; "out>"		;	        out     >

				;	        &       /0000

8000 0000		;	a       $       /0001   0
				;	a       $       /0001
8002 0000		;	b       $       /0001   0
				;	b       $       /0001

8004 0000		;	in      $       /0001   0
				;	in      $       /0001
8006 0000		;	unpack1 $       /0001   0
				;	unpack1 $       /0001
8008 0000		;	unpack2 $       /0001   0
				;	unpack2 $       /0001

800a 0000		;	str1    $       /0008   0
800c 0000		;	str1    $       /0008   2
800e 0000		;	str1    $       /0008   4
8010 0000		;	str1    $       /0008   6
8012 0000		;	str1    $       /0008   8
8014 0000		;	str1    $       /0008   a
8016 0000		;	str1    $       /0008   c
8018 0000		;	str1    $       /0008   e
				;	str1    $       /0008
801a 0000		;	str2    $       /0008   0
801c 0000		;	str2    $       /0008   2
801e 0000		;	str2    $       /0008   4
8020 0000		;	str2    $       /0008   6
8022 0000		;	str2    $       /0008   8
8024 0000		;	str2    $       /0008   a
8026 0000		;	str2    $       /0008   c
8028 0000		;	str2    $       /0008   e
				;	str2    $       /0008
802a 0000		;	out     $       /0001   0
				;	out     $       /0001

